[ 2026-07-19 17:12:27,523 ] 42 root - INFO - Start data Ingestion
[ 2026-07-19 17:12:32,295 ] 65 root - INFO - Performed train test split on the dataframe
[ 2026-07-19 17:12:32,295 ] 67 root - INFO - Exited split_data_as_train_test method of Data_Ingestion class
[ 2026-07-19 17:12:32,296 ] 75 root - INFO - Exporting train and test file path.
[ 2026-07-19 17:12:32,422 ] 84 root - INFO - Exported train and test file path.
[ 2026-07-19 17:12:32,423 ] 45 root - INFO - Data Ingestion completed and artifact: DataIngestionArtifact(trained_file_path='Artifacts\\07_19_2026_17_12_14\\data_ingestion\\ingested\\train.csv', test_file_path='Artifacts\\07_19_2026_17_12_14\\data_ingestion\\ingested\\test.csv')
[ 2026-07-19 17:12:32,437 ] 55 root - INFO - Initiate the data Validation
[ 2026-07-19 17:12:32,544 ] 32 root - INFO - Required number of columns:2
[ 2026-07-19 17:12:32,544 ] 33 root - INFO - Data frame has columns:31
[ 2026-07-19 17:12:32,544 ] 32 root - INFO - Required number of columns:2
[ 2026-07-19 17:12:32,544 ] 33 root - INFO - Data frame has columns:31
[ 2026-07-19 17:12:32,882 ] 63 root - INFO - Entered initiate_data_transformation method of DataTransformation class
[ 2026-07-19 17:12:32,882 ] 65 root - INFO - Starting data transformation
[ 2026-07-19 17:12:32,928 ] 48 root - INFO - Entered get_data_trnasformer_object method of Trnasformation class
[ 2026-07-19 17:12:32,929 ] 53 root - INFO - Initialise KNNImputer with {'missing_values': nan, 'n_neighbors': 3, 'weights': 'uniform'}
[ 2026-07-19 17:12:32,975 ] 46 root - INFO - Entered the save_object method of MainUtils class
[ 2026-07-19 17:12:32,978 ] 50 root - INFO - Exited the save_object method of MainUtils class
[ 2026-07-19 17:12:32,979 ] 46 root - INFO - Entered the save_object method of MainUtils class
[ 2026-07-19 17:12:32,983 ] 50 root - INFO - Exited the save_object method of MainUtils class
[ 2026-07-19 17:20:37,804 ] 46 root - INFO - Entered the save_object method of MainUtils class
[ 2026-07-19 17:20:37,818 ] 50 root - INFO - Exited the save_object method of MainUtils class
[ 2026-07-19 17:20:37,818 ] 46 root - INFO - Entered the save_object method of MainUtils class
[ 2026-07-19 17:20:37,828 ] 50 root - INFO - Exited the save_object method of MainUtils class
[ 2026-07-19 17:20:37,828 ] 151 root - INFO - Model trainer artifact: ModelTrainerArtifact(trained_model_file_path='Artifacts\\07_19_2026_17_12_14\\model_trainer\\trained_model\\model.pkl', train_metric_artifact=ClassificationMetricArtifact(f1_score=0.9908572005859474, precision_score=0.988311164852882, recall_score=0.9934163881292414), test_metric_artifact=ClassificationMetricArtifact(f1_score=0.9870980954331353, precision_score=0.9868959868959869, recall_score=0.9873002867677182))
