[ 2026-07-19 17:30:06,551 ] 42 root - INFO - Start data Ingestion
[ 2026-07-19 17:30:11,007 ] 65 root - INFO - Performed train test split on the dataframe
[ 2026-07-19 17:30:11,007 ] 67 root - INFO - Exited split_data_as_train_test method of Data_Ingestion class
[ 2026-07-19 17:30:11,008 ] 75 root - INFO - Exporting train and test file path.
[ 2026-07-19 17:30:11,146 ] 84 root - INFO - Exported train and test file path.
[ 2026-07-19 17:30:11,147 ] 45 root - INFO - Data Ingestion completed and artifact: DataIngestionArtifact(trained_file_path='Artifacts\\07_19_2026_17_29_53\\data_ingestion\\ingested\\train.csv', test_file_path='Artifacts\\07_19_2026_17_29_53\\data_ingestion\\ingested\\test.csv')
[ 2026-07-19 17:30:11,160 ] 55 root - INFO - Initiate the data Validation
[ 2026-07-19 17:30:11,255 ] 32 root - INFO - Required number of columns:2
[ 2026-07-19 17:30:11,255 ] 33 root - INFO - Data frame has columns:31
[ 2026-07-19 17:30:11,255 ] 32 root - INFO - Required number of columns:2
[ 2026-07-19 17:30:11,255 ] 33 root - INFO - Data frame has columns:31
[ 2026-07-19 17:30:11,633 ] 63 root - INFO - Entered initiate_data_transformation method of DataTransformation class
[ 2026-07-19 17:30:11,633 ] 65 root - INFO - Starting data transformation
[ 2026-07-19 17:30:11,680 ] 48 root - INFO - Entered get_data_trnasformer_object method of Trnasformation class
[ 2026-07-19 17:30:11,680 ] 53 root - INFO - Initialise KNNImputer with {'missing_values': nan, 'n_neighbors': 3, 'weights': 'uniform'}
[ 2026-07-19 17:30:11,741 ] 46 root - INFO - Entered the save_object method of MainUtils class
[ 2026-07-19 17:30:11,747 ] 50 root - INFO - Exited the save_object method of MainUtils class
[ 2026-07-19 17:30:11,747 ] 46 root - INFO - Entered the save_object method of MainUtils class
[ 2026-07-19 17:30:11,751 ] 50 root - INFO - Exited the save_object method of MainUtils class
[ 2026-07-19 17:36:02,126 ] 46 root - INFO - Entered the save_object method of MainUtils class
[ 2026-07-19 17:36:02,133 ] 50 root - INFO - Exited the save_object method of MainUtils class
[ 2026-07-19 17:36:02,133 ] 46 root - INFO - Entered the save_object method of MainUtils class
[ 2026-07-19 17:36:02,138 ] 50 root - INFO - Exited the save_object method of MainUtils class
[ 2026-07-19 17:36:02,138 ] 151 root - INFO - Model trainer artifact: ModelTrainerArtifact(trained_model_file_path='Artifacts\\07_19_2026_17_29_53\\model_trainer\\trained_model\\model.pkl', train_metric_artifact=ClassificationMetricArtifact(f1_score=0.9907948939632812, precision_score=0.9892353000913984, recall_score=0.992359413202934), test_metric_artifact=ClassificationMetricArtifact(f1_score=0.9874025194961008, precision_score=0.9864163004394726, recall_score=0.9883907125700561))
